app/build/intermediates/proguard-rules/release/aapt_rules.txt
# view AndroidManifest.xml #generated:18
-keep class com.ziquid.celestialglory.CelestialGlory { <init>(...); }