app/build/outputs/mapping/release/mapping.txt
com.ziquid.celestialglory.CelestialGlory -> com.ziquid.celestialglory.CelestialGlory:
    android.webkit.WebView engine -> e
    java.lang.String androidID -> f
    java.lang.String usableWidth -> g
    java.lang.String billingSupportString -> h
    java.lang.String authKey -> i
    java.lang.String authKeySupportString -> j
    java.lang.String TAG -> a
    java.lang.String urlHome -> b
    java.util.Random RNG -> k
    android.content.pm.PackageInfo pInfo -> l
    java.lang.String IAPPublicKey0 -> m
    java.lang.String IAPPublicKey1 -> n
    java.lang.String IAPPublicKey8 -> o
    java.lang.String IAPPublicKey9 -> p
    java.lang.String IAPPublicKey3 -> q
    java.lang.String IAPPublicKey4 -> r
    java.lang.String IAPPublicKey2 -> s
    java.lang.String IAPPublicKey7 -> t
    java.lang.String IAPPublicKey5 -> u
    java.lang.String IAPPublicKey6 -> v
    com.ziquid.util.IabHelper mHelper -> w
    com.ziquid.util.IabHelper$OnIabPurchaseFinishedListener mPurchaseFinishedListener -> c
    com.ziquid.util.IabHelper$OnConsumeFinishedListener mConsumeFinishedListener -> d
    void <init>() -> <init>
    void onCreate(android.os.Bundle) -> onCreate
    void onStart() -> onStart
    void onStop() -> onStop
    void onDestroy() -> onDestroy
    void onActivityResult(int,int,android.content.Intent) -> onActivityResult
    boolean onCreateOptionsMenu(android.view.Menu) -> onCreateOptionsMenu
    boolean onOptionsItemSelected(android.view.MenuItem) -> onOptionsItemSelected
com.ziquid.celestialglory.CelestialGlory$1 -> com.ziquid.celestialglory.a:
    com.ziquid.celestialglory.CelestialGlory this$0 -> a
    void <init>(com.ziquid.celestialglory.CelestialGlory) -> <init>
    void onIabSetupFinished(com.ziquid.util.IabResult) -> a
com.ziquid.celestialglory.CelestialGlory$2 -> com.ziquid.celestialglory.b:
    com.ziquid.celestialglory.CelestialGlory this$0 -> a
    void <init>(com.ziquid.celestialglory.CelestialGlory) -> <init>
    void onIabPurchaseFinished(com.ziquid.util.IabResult,com.ziquid.util.Purchase) -> a
com.ziquid.celestialglory.CelestialGlory$3 -> com.ziquid.celestialglory.c:
    com.ziquid.celestialglory.CelestialGlory this$0 -> a
    void <init>(com.ziquid.celestialglory.CelestialGlory) -> <init>
    void onConsumeFinished(com.ziquid.util.Purchase,com.ziquid.util.IabResult) -> a
com.ziquid.celestialglory.CelestialGlory$MyWebViewClient -> com.ziquid.celestialglory.d:
    com.ziquid.celestialglory.CelestialGlory this$0 -> a
    void <init>(com.ziquid.celestialglory.CelestialGlory) -> <init>
    boolean shouldOverrideUrlLoading(android.webkit.WebView,java.lang.String) -> shouldOverrideUrlLoading
    void <init>(com.ziquid.celestialglory.CelestialGlory,com.ziquid.celestialglory.CelestialGlory$1) -> <init>
com.ziquid.celestialglory.CelestialGlory$submitLuckTask -> com.ziquid.celestialglory.e:
    com.ziquid.celestialglory.CelestialGlory this$0 -> a
    void <init>(com.ziquid.celestialglory.CelestialGlory) -> <init>
    java.lang.String doInBackground(java.lang.String[]) -> a
    void onPostExecute(java.lang.String) -> a
    void onPostExecute(java.lang.Object) -> onPostExecute
    java.lang.Object doInBackground(java.lang.Object[]) -> doInBackground
    void <init>(com.ziquid.celestialglory.CelestialGlory,com.ziquid.celestialglory.CelestialGlory$1) -> <init>
...
com.android.vending.billing.IInAppBillingService$Stub$Proxy -> com.a.a.a.c:
    android.os.IBinder mRemote -> a
    void <init>(android.os.IBinder) -> <init>
    android.os.IBinder asBinder() -> asBinder
    int isBillingSupported(int,java.lang.String,java.lang.String) -> a
    android.os.Bundle getSkuDetails(int,java.lang.String,java.lang.String,android.os.Bundle) -> a
    android.os.Bundle getBuyIntent(int,java.lang.String,java.lang.String,java.lang.String,java.lang.String) -> a
    android.os.Bundle getPurchases(int,java.lang.String,java.lang.String,java.lang.String) -> a
    int consumePurchase(int,java.lang.String,java.lang.String) -> b
    int stub(int,java.lang.String,java.lang.String) -> c
    android.os.Bundle getBuyIntentToReplaceSkus(int,java.lang.String,java.util.List,java.lang.String,java.lang.String,java.lang.String) -> a
com.ziquid.util.IabException -> com.ziquid.a.a:
    com.ziquid.util.IabResult mResult -> a
    void <init>(com.ziquid.util.IabResult) -> <init>
    void <init>(int,java.lang.String) -> <init>
    void <init>(com.ziquid.util.IabResult,java.lang.Exception) -> <init>
    void <init>(int,java.lang.String,java.lang.Exception) -> <init>
    com.ziquid.util.IabResult getResult() -> a
com.ziquid.util.IabHelper -> com.ziquid.a.b:
    boolean mDebugLog -> a
    java.lang.String mDebugTag -> b
    boolean mSetupDone -> c
    boolean mDisposed -> d
    boolean mDisposeAfterAsync -> e
    boolean mSubscriptionsSupported -> f
    boolean mSubscriptionUpdateSupported -> g
    boolean mAsyncInProgress -> h
    java.lang.Object mAsyncInProgressLock -> q
    java.lang.String mAsyncOperation -> i
    android.content.Context mContext -> j
    com.android.vending.billing.IInAppBillingService mService -> k
    android.content.ServiceConnection mServiceConn -> l
    int mRequestCode -> m
    java.lang.String mPurchasingItemType -> n
    java.lang.String mSignatureBase64 -> o
    com.ziquid.util.IabHelper$OnIabPurchaseFinishedListener mPurchaseListener -> p
    void <init>(android.content.Context,java.lang.String) -> <init>
    void startSetup(com.ziquid.util.IabHelper$OnIabSetupFinishedListener) -> a
    void dispose() -> a
    void checkNotDisposed() -> c
    void launchPurchaseFlow(android.app.Activity,java.lang.String,int,com.ziquid.util.IabHelper$OnIabPurchaseFinishedListener,java.lang.String) -> a
    void launchPurchaseFlow(android.app.Activity,java.lang.String,java.lang.String,java.util.List,int,com.ziquid.util.IabHelper$OnIabPurchaseFinishedListener,java.lang.String) -> a
    boolean handleActivityResult(int,int,android.content.Intent) -> a
    void consume(com.ziquid.util.Purchase) -> a
com.ziquid.util.IabHelper$1 -> com.ziquid.a.c:
    com.ziquid.util.IabHelper$OnIabSetupFinishedListener val$listener -> a
    com.ziquid.util.IabHelper this$0 -> b
    void <init>(com.ziquid.util.IabHelper,com.ziquid.util.IabHelper$OnIabSetupFinishedListener) -> <init>
    void onServiceDisconnected(android.content.ComponentName) -> onServiceDisconnected
    void onServiceConnected(android.content.ComponentName,android.os.IBinder) -> onServiceConnected
com.ziquid.util.IabHelper$3 -> com.ziquid.a.d:
    java.util.List val$purchases -> a
    com.ziquid.util.IabHelper$OnConsumeFinishedListener val$singleListener -> b
    android.os.Handler val$handler -> c
    com.ziquid.util.IabHelper$OnConsumeMultiFinishedListener val$multiListener -> d
    com.ziquid.util.IabHelper this$0 -> e
    void <init>(com.ziquid.util.IabHelper,java.util.List,com.ziquid.util.IabHelper$OnConsumeFinishedListener,android.os.Handler,com.ziquid.util.IabHelper$OnConsumeMultiFinishedListener) -> <init>
    void run() -> run
com.ziquid.util.IabHelper$3$1 -> com.ziquid.a.e:
    java.util.List val$results -> a
    com.ziquid.util.IabHelper$3 this$1 -> b
    void <init>(com.ziquid.util.IabHelper$3,java.util.List) -> <init>
    void run() -> run