app/build/outputs/mapping/release/usage.txt
com.ziquid.celestialglory.BuildConfig
com.ziquid.celestialglory.CelestialGlory:
    private static final int MENU_HOME
    private static final int MENU_LESSONS
    private static final int MENU_CHALLENGES
    private static final int MENU_AIDES
    private static final int MENU_ACTIONS
    private static final int MENU_FORUM
    465:470:private void showPopUp(java.lang.Integer)
com.ziquid.celestialglory.R
com.ziquid.celestialglory.R$attr
com.ziquid.celestialglory.R$drawable
com.ziquid.celestialglory.R$id
com.ziquid.celestialglory.R$layout
com.ziquid.celestialglory.R$string
...
com.android.vending.billing.IInAppBillingService$Stub:
    private static final java.lang.String DESCRIPTOR
    static final int TRANSACTION_isBillingSupported
    static final int TRANSACTION_getSkuDetails
    static final int TRANSACTION_getBuyIntent
    static final int TRANSACTION_getPurchases
    static final int TRANSACTION_consumePurchase
    static final int TRANSACTION_stub
    static final int TRANSACTION_getBuyIntentToReplaceSkus
    39:41:public IInAppBillingService$Stub()
    59:59:public android.os.IBinder asBinder()
com.android.vending.billing.IInAppBillingService$Stub$Proxy:
    227:227:public java.lang.String getInterfaceDescriptor()
com.ziquid.util.IabBroadcastReceiver
com.ziquid.util.IabBroadcastReceiver$IabBroadcastListener
com.ziquid.util.IabHelper:
    public static final int BILLING_RESPONSE_RESULT_OK
    public static final int BILLING_RESPONSE_RESULT_USER_CANCELED
    public static final int BILLING_RESPONSE_RESULT_SERVICE_UNAVAILABLE
    public static final int BILLING_RESPONSE_RESULT_BILLING_UNAVAILABLE
    public static final int BILLING_RESPONSE_RESULT_ITEM_UNAVAILABLE
    public static final int BILLING_RESPONSE_RESULT_DEVELOPER_ERROR
    public static final int BILLING_RESPONSE_RESULT_ERROR
    public static final int BILLING_RESPONSE_RESULT_ITEM_ALREADY_OWNED
    public static final int BILLING_RESPONSE_RESULT_ITEM_NOT_OWNED
    public static final int IABHELPER_ERROR_BASE
    public static final int IABHELPER_REMOTE_EXCEPTION
    public static final int IABHELPER_BAD_RESPONSE
    public static final int IABHELPER_VERIFICATION_FAILED
    public static final int IABHELPER_SEND_INTENT_FAILED
    public static final int IABHELPER_USER_CANCELLED
    public static final int IABHELPER_UNKNOWN_PURCHASE_RESPONSE
    public static final int IABHELPER_MISSING_TOKEN
    public static final int IABHELPER_UNKNOWN_ERROR
    public static final int IABHELPER_SUBSCRIPTIONS_NOT_AVAILABLE
    public static final int IABHELPER_INVALID_CONSUMPTION
    public static final int IABHELPER_SUBSCRIPTION_UPDATE_NOT_AVAILABLE
    public static final java.lang.String RESPONSE_CODE
    public static final java.lang.String RESPONSE_GET_SKU_DETAILS_LIST
    public static final java.lang.String RESPONSE_BUY_INTENT
com.ziquid.util.IabHelper$2
com.ziquid.util.IabHelper$2$1
com.ziquid.util.IabHelper$QueryInventoryFinishedListener
com.ziquid.util.IabResult:
    39:39:public int getResponse()
com.ziquid.util.Inventory
com.ziquid.util.Purchase:
    52:52:public java.lang.String getItemType()
    53:53:public java.lang.String getOrderId()
    54:54:public java.lang.String getPackageName()
    56:56:public long getPurchaseTime()
    57:57:public int getPurchaseState()
    60:60:public java.lang.String getOriginalJson()
    61:61:public java.lang.String getSignature()
    62:62:public boolean isAutoRenewing()
com.ziquid.util.Security:
    private static final java.lang.String TAG
    private static final java.lang.String KEY_FACTORY_ALGORITHM
    private static final java.lang.String SIGNATURE_ALGORITHM
    40:40:public Security()
com.ziquid.util.SkuDetails